-1.6
-encoding
UTF-8
-classpath
C:\Users\v.guillemain\.m2\repository\aopalliance\aopalliance\1.0\aopalliance-1.0.jar;C:\Users\v.guillemain\.m2\repository\com\ibatis\ibatis2-common\2.1.7.597\ibatis2-common-2.1.7.597.jar;C:\Users\v.guillemain\.m2\repository\com\ibatis\ibatis2-dao\2.1.7.597\ibatis2-dao-2.1.7.597.jar;C:\Users\v.guillemain\.m2\repository\com\ibatis\ibatis2-sqlmap\2.1.7.597\ibatis2-sqlmap-2.1.7.597.jar;C:\dev_home\Projects\TalentMap\TalentMap-Model\target\TalentMap-Model-1.0-SNAPSHOT.jar;C:\dev_home\Projects\TalentMap\TalentMap-Services\target\TalentMap-Services-1.0-SNAPSHOT.jar;C:\dev_home\Projects\TalentMap\TalentMap-Store\target\TalentMap-Store-1.0-SNAPSHOT.jar;C:\Users\v.guillemain\.m2\repository\com\vaadin\vaadin\6.7.1\vaadin-6.7.1.jar;C:\Users\v.guillemain\.m2\repository\commons-dbcp\commons-dbcp\1.3\commons-dbcp-1.3.jar;C:\Users\v.guillemain\.m2\repository\commons-logging\commons-logging\1.1.1\commons-logging-1.1.1.jar;C:\Users\v.guillemain\.m2\repository\commons-pool\commons-pool\1.5.4\commons-pool-1.5.4.jar;C:\Users\v.guillemain\.m2\repository\javax\persistence\persistence-api\1.0\persistence-api-1.0.jar;C:\Users\v.guillemain\.m2\repository\javax\servlet\servlet-api\2.5\servlet-api-2.5.jar;C:\Users\v.guillemain\.m2\repository\log4j\log4j\1.2.16\log4j-1.2.16.jar;C:\Users\v.guillemain\.m2\repository\oracle\jdbc-driver\ojdbc14\10.2.0.4.0\ojdbc14-10.2.0.4.0.jar;C:\Users\v.guillemain\.m2\repository\org\apache\ibatis\ibatis-sqlmap\2.3.0\ibatis-sqlmap-2.3.0.jar;C:\Users\v.guillemain\.m2\repository\org\aspectj\aspectjrt\1.6.3\aspectjrt-1.6.3.jar;C:\Users\v.guillemain\.m2\repository\org\slf4j\slf4j-api\1.6.1\slf4j-api-1.6.1.jar;C:\Users\v.guillemain\.m2\repository\org\slf4j\slf4j-log4j12\1.6.1\slf4j-log4j12-1.6.1.jar;C:\Users\v.guillemain\.m2\repository\org\springframework\spring-aop\3.0.5.RELEASE\spring-aop-3.0.5.RELEASE.jar;C:\Users\v.guillemain\.m2\repository\org\springframework\spring-asm\3.0.5.RELEASE\spring-asm-3.0.5.RELEASE.jar;C:\Users\v.guillemain\.m2\repository\org\springframework\spring-aspects\3.0.5.RELEASE\spring-aspects-3.0.5.RELEASE.jar;C:\Users\v.guillemain\.m2\repository\org\springframework\spring-beans\3.0.5.RELEASE\spring-beans-3.0.5.RELEASE.jar;C:\Users\v.guillemain\.m2\repository\org\springframework\spring-context\3.0.5.RELEASE\spring-context-3.0.5.RELEASE.jar;C:\Users\v.guillemain\.m2\repository\org\springframework\spring-context-support\3.0.5.RELEASE\spring-context-support-3.0.5.RELEASE.jar;C:\Users\v.guillemain\.m2\repository\org\springframework\spring-core\3.0.5.RELEASE\spring-core-3.0.5.RELEASE.jar;C:\Users\v.guillemain\.m2\repository\org\springframework\spring-dao\2.0.8\spring-dao-2.0.8.jar;C:\Users\v.guillemain\.m2\repository\org\springframework\spring-expression\3.0.5.RELEASE\spring-expression-3.0.5.RELEASE.jar;C:\Users\v.guillemain\.m2\repository\org\springframework\spring-ibatis\2.0.8\spring-ibatis-2.0.8.jar;C:\Users\v.guillemain\.m2\repository\org\springframework\spring-jdbc\2.0.8\spring-jdbc-2.0.8.jar;C:\Users\v.guillemain\.m2\repository\org\springframework\spring-test\3.0.5.RELEASE\spring-test-3.0.5.RELEASE.jar;C:\Users\v.guillemain\.m2\repository\org\springframework\spring-tx\3.0.5.RELEASE\spring-tx-3.0.5.RELEASE.jar;C:\Users\v.guillemain\.m2\repository\org\springframework\spring-web\3.0.5.RELEASE\spring-web-3.0.5.RELEASE.jar;C:\Users\v.guillemain\.m2\repository\org\vaadin\addons\ratingstars\1.4\ratingstars-1.4.jar;C:\dev_home\Projects\TalentMap\TalentMap-Web\target\classes
-aspectpath
C:\Users\v.guillemain\.m2\repository\org\springframework\spring-aspects\3.0.5.RELEASE\spring-aspects-3.0.5.RELEASE.jar
-d
C:\dev_home\Projects\TalentMap\TalentMap-Web\target\classes
C:\dev_home\Projects\TalentMap\TalentMap-Web\src\main\java\com\novedia\talentmap\web\ui\profile\ProfileLayout.java
C:\dev_home\Projects\TalentMap\TalentMap-Web\src\main\java\com\novedia\talentmap\web\ui\search\SearchResults.java
C:\dev_home\Projects\TalentMap\TalentMap-Web\src\main\java\com\novedia\talentmap\web\ui\TabMain.java
C:\dev_home\Projects\TalentMap\TalentMap-Web\src\main\java\com\novedia\talentmap\web\util\IMissionCollaboratorContent.java
C:\dev_home\Projects\TalentMap\TalentMap-Web\src\main\java\com\novedia\talentmap\web\ui\profile\ListSkill.java
C:\dev_home\Projects\TalentMap\TalentMap-Web\src\main\java\com\novedia\talentmap\web\ui\profile\mission\MissionForm.java
C:\dev_home\Projects\TalentMap\TalentMap-Web\src\main\java\com\novedia\talentmap\web\MyVaadinApplication.java
C:\dev_home\Projects\TalentMap\TalentMap-Web\src\main\java\com\novedia\talentmap\web\util\TalentMapCSS.java
C:\dev_home\Projects\TalentMap\TalentMap-Web\src\main\java\com\novedia\talentmap\web\ui\profile\ProfileView.java
C:\dev_home\Projects\TalentMap\TalentMap-Web\src\main\java\com\novedia\talentmap\web\ecrans\administration_suppression_collab.java
C:\dev_home\Projects\TalentMap\TalentMap-Web\src\main\java\com\novedia\talentmap\web\ui\profile\CollaboratorForm.java
C:\dev_home\Projects\TalentMap\TalentMap-Web\src\main\java\com\novedia\talentmap\web\ecrans\administration_suppression_competence.java
C:\dev_home\Projects\TalentMap\TalentMap-Web\src\main\java\com\novedia\talentmap\web\ui\admin\LoginLayout.java
C:\dev_home\Projects\TalentMap\TalentMap-Web\src\main\java\com\novedia\talentmap\web\ui\search\SearchLayout.java
C:\dev_home\Projects\TalentMap\TalentMap-Web\src\main\java\com\novedia\talentmap\web\ui\collab\MonitoringCollabView.java
C:\dev_home\Projects\TalentMap\TalentMap-Web\src\main\java\com\novedia\talentmap\web\ui\search\SearchTarget.java
C:\dev_home\Projects\TalentMap\TalentMap-Web\src\main\java\com\novedia\talentmap\web\util\ISearchContent.java
C:\dev_home\Projects\TalentMap\TalentMap-Web\src\main\java\com\novedia\talentmap\web\ecrans\fiche_profil_modification.java
C:\dev_home\Projects\TalentMap\TalentMap-Web\src\main\java\com\novedia\talentmap\web\ui\profile\mission\ListMission.java
C:\dev_home\Projects\TalentMap\TalentMap-Web\src\main\java\com\novedia\talentmap\web\ecrans\fiche_profil_creation.java
C:\dev_home\Projects\TalentMap\TalentMap-Web\src\main\java\com\novedia\talentmap\web\ui\collab\MonitoringCollabContent.java
C:\dev_home\Projects\TalentMap\TalentMap-Web\src\main\java\com\novedia\talentmap\web\ui\search\SearchView.java
C:\dev_home\Projects\TalentMap\TalentMap-Web\src\main\java\com\novedia\talentmap\web\ui\collab\MonitoringCollabContentLayout.java
C:\dev_home\Projects\TalentMap\TalentMap-Web\src\main\java\com\novedia\talentmap\web\servlet\SpringVaadinServlet.java
C:\dev_home\Projects\TalentMap\TalentMap-Web\src\main\java\com\novedia\talentmap\web\ui\admin\AdminView.java
C:\dev_home\Projects\TalentMap\TalentMap-Web\src\main\java\com\novedia\talentmap\web\data\FrequencyUse.java
C:\dev_home\Projects\TalentMap\TalentMap-Web\src\main\java\com\novedia\talentmap\web\ui\collab\ProfileCollabWindow.java
C:\dev_home\Projects\TalentMap\TalentMap-Web\src\main\java\com\novedia\talentmap\web\util\IAdminContentLayout.java
C:\dev_home\Projects\TalentMap\TalentMap-Web\src\main\java\com\novedia\talentmap\web\ui\profile\mission\MissionCollaboratorContent.java
C:\dev_home\Projects\TalentMap\TalentMap-Web\src\main\java\com\novedia\talentmap\web\servlet\SpringApplicationServlet.java
C:\dev_home\Projects\TalentMap\TalentMap-Web\src\main\java\com\novedia\talentmap\web\util\IProfileLayout.java
C:\dev_home\Projects\TalentMap\TalentMap-Web\src\main\java\com\novedia\talentmap\web\ui\formFactory\MissionFormFieldFactory.java
C:\dev_home\Projects\TalentMap\TalentMap-Web\src\main\java\com\novedia\talentmap\web\ui\collab\MonitoringCollabNavigation.java
C:\dev_home\Projects\TalentMap\TalentMap-Web\src\main\java\com\novedia\talentmap\web\ecrans\accueil.java
C:\dev_home\Projects\TalentMap\TalentMap-Web\src\main\java\com\novedia\talentmap\web\ui\formFactory\CollaboratorFormFieldFactory.java
C:\dev_home\Projects\TalentMap\TalentMap-Web\src\main\java\com\novedia\talentmap\web\ui\admin\ManageSkillContent.java
C:\dev_home\Projects\TalentMap\TalentMap-Web\src\main\java\com\novedia\talentmap\web\util\IObservable.java
C:\dev_home\Projects\TalentMap\TalentMap-Web\src\main\java\com\novedia\talentmap\web\ui\admin\AdminContentLayout.java
C:\dev_home\Projects\TalentMap\TalentMap-Web\src\main\java\com\novedia\talentmap\web\ui\search\SearchContent.java
C:\dev_home\Projects\TalentMap\TalentMap-Web\src\main\java\com\novedia\talentmap\web\ui\profile\mission\MissionContainer.java
C:\dev_home\Projects\TalentMap\TalentMap-Web\src\main\java\com\novedia\talentmap\web\ui\search\SearchNavigation.java
C:\dev_home\Projects\TalentMap\TalentMap-Web\src\main\java\com\novedia\talentmap\web\util\IAdminView.java
C:\dev_home\Projects\TalentMap\TalentMap-Web\src\main\java\com\novedia\talentmap\web\util\Message.java
C:\dev_home\Projects\TalentMap\TalentMap-Web\src\main\java\com\novedia\talentmap\web\ui\profile\ProfileCollaboratorContent.java
C:\dev_home\Projects\TalentMap\TalentMap-Web\src\main\java\com\novedia\talentmap\web\ui\profile\ProfileNavigation.java
C:\dev_home\Projects\TalentMap\TalentMap-Web\src\main\java\com\novedia\talentmap\web\ui\profile\mission\AddMissionPanel.java
C:\dev_home\Projects\TalentMap\TalentMap-Web\src\main\java\com\novedia\talentmap\web\ecrans\administration.java
C:\dev_home\Projects\TalentMap\TalentMap-Web\src\main\java\com\novedia\talentmap\web\data\TimeUse.java
C:\dev_home\Projects\TalentMap\TalentMap-Web\src\main\java\com\novedia\talentmap\web\util\CUtils.java
C:\dev_home\Projects\TalentMap\TalentMap-Web\src\main\java\com\novedia\talentmap\web\ui\profile\AddSkillPanel.java
C:\dev_home\Projects\TalentMap\TalentMap-Web\src\main\java\com\novedia\talentmap\web\ui\admin\AdminNavigation.java
C:\dev_home\Projects\TalentMap\TalentMap-Web\src\main\java\com\novedia\talentmap\web\util\IProfileView.java
C:\dev_home\Projects\TalentMap\TalentMap-Web\src\main\java\com\novedia\talentmap\web\data\SearchTargetPanel.java
C:\dev_home\Projects\TalentMap\TalentMap-Web\src\main\java\com\novedia\talentmap\web\ui\TabProfileSheet.java
C:\dev_home\Projects\TalentMap\TalentMap-Web\src\main\java\com\novedia\talentmap\web\util\ISearchLayout.java
